<?xml version="1.0" encoding="UTF-8"?>
<!-- Generated by org.testng.reporters.JUnitXMLReporter -->
<testsuite hostname="BUK30LAP4001083" ignored="34" name="GRP-BG_MCC" tests="4" failures="0" timestamp="05 Mar 2020 12:03:37 GMT" time="6.873" errors="0">
  <testcase name="test1" time="2.289" classname="ODIN_REQUEST_PROCESSOR_APITEST.RequestProcessorTestMarius"/>
  <testcase name="test2" time="0.77" classname="ODIN_REQUEST_PROCESSOR_APITEST.RequestProcessorTestMarius"/>
  <testcase name="test5" time="0.732" classname="ODIN_REQUEST_PROCESSOR_APITEST.RequestProcessorTestMarius"/>
  <testcase name="test6" time="0.75" classname="ODIN_REQUEST_PROCESSOR_APITEST.RequestProcessorTestMarius"/>
  <testcase name="test25" time="0.0" classname="ODIN_REQUEST_PROCESSOR_APITEST.RequestProcessorTestMarius">
    <ignored/>
  </testcase> <!-- test25 -->
  <testcase name="test28" time="0.0" classname="ODIN_REQUEST_PROCESSOR_APITEST.RequestProcessorTestMarius">
    <ignored/>
  </testcase> <!-- test28 -->
  <testcase name="test29" time="0.0" classname="ODIN_REQUEST_PROCESSOR_APITEST.RequestProcessorTestMarius">
    <ignored/>
  </testcase> <!-- test29 -->
  <testcase name="test22" time="0.0" classname="ODIN_REQUEST_PROCESSOR_APITEST.RequestProcessorTestMarius">
    <ignored/>
  </testcase> <!-- test22 -->
  <testcase name="test20" time="0.0" classname="ODIN_REQUEST_PROCESSOR_APITEST.RequestProcessorTestMarius">
    <ignored/>
  </testcase> <!-- test20 -->
  <testcase name="test23" time="0.0" classname="ODIN_REQUEST_PROCESSOR_APITEST.RequestProcessorTestMarius">
    <ignored/>
  </testcase> <!-- test23 -->
  <testcase name="test26" time="0.0" classname="ODIN_REQUEST_PROCESSOR_APITEST.RequestProcessorTestMarius">
    <ignored/>
  </testcase> <!-- test26 -->
  <testcase name="test21" time="0.0" classname="ODIN_REQUEST_PROCESSOR_APITEST.RequestProcessorTestMarius">
    <ignored/>
  </testcase> <!-- test21 -->
  <testcase name="test24" time="0.0" classname="ODIN_REQUEST_PROCESSOR_APITEST.RequestProcessorTestMarius">
    <ignored/>
  </testcase> <!-- test24 -->
  <testcase name="test27" time="0.0" classname="ODIN_REQUEST_PROCESSOR_APITEST.RequestProcessorTestMarius">
    <ignored/>
  </testcase> <!-- test27 -->
  <testcase name="test7" time="0.0" classname="ODIN_REQUEST_PROCESSOR_APITEST.RequestProcessorTestMarius">
    <ignored/>
  </testcase> <!-- test7 -->
  <testcase name="test3" time="0.0" classname="ODIN_REQUEST_PROCESSOR_APITEST.RequestProcessorTestMarius">
    <ignored/>
  </testcase> <!-- test3 -->
  <testcase name="test8" time="0.0" classname="ODIN_REQUEST_PROCESSOR_APITEST.RequestProcessorTestMarius">
    <ignored/>
  </testcase> <!-- test8 -->
  <testcase name="test9" time="0.0" classname="ODIN_REQUEST_PROCESSOR_APITEST.RequestProcessorTestMarius">
    <ignored/>
  </testcase> <!-- test9 -->
  <testcase name="test4" time="0.0" classname="ODIN_REQUEST_PROCESSOR_APITEST.RequestProcessorTestMarius">
    <ignored/>
  </testcase> <!-- test4 -->
  <testcase name="test19" time="0.0" classname="ODIN_REQUEST_PROCESSOR_APITEST.RequestProcessorTestMarius">
    <ignored/>
  </testcase> <!-- test19 -->
  <testcase name="test14" time="0.0" classname="ODIN_REQUEST_PROCESSOR_APITEST.RequestProcessorTestMarius">
    <ignored/>
  </testcase> <!-- test14 -->
  <testcase name="test36" time="0.0" classname="ODIN_REQUEST_PROCESSOR_APITEST.RequestProcessorTestMarius">
    <ignored/>
  </testcase> <!-- test36 -->
  <testcase name="test17" time="0.0" classname="ODIN_REQUEST_PROCESSOR_APITEST.RequestProcessorTestMarius">
    <ignored/>
  </testcase> <!-- test17 -->
  <testcase name="test18" time="0.0" classname="ODIN_REQUEST_PROCESSOR_APITEST.RequestProcessorTestMarius">
    <ignored/>
  </testcase> <!-- test18 -->
  <testcase name="test11" time="0.0" classname="ODIN_REQUEST_PROCESSOR_APITEST.RequestProcessorTestMarius">
    <ignored/>
  </testcase> <!-- test11 -->
  <testcase name="test33" time="0.0" classname="ODIN_REQUEST_PROCESSOR_APITEST.RequestProcessorTestMarius">
    <ignored/>
  </testcase> <!-- test33 -->
  <testcase name="test31" time="0.0" classname="ODIN_REQUEST_PROCESSOR_APITEST.RequestProcessorTestMarius">
    <ignored/>
  </testcase> <!-- test31 -->
  <testcase name="test12" time="0.0" classname="ODIN_REQUEST_PROCESSOR_APITEST.RequestProcessorTestMarius">
    <ignored/>
  </testcase> <!-- test12 -->
  <testcase name="test34" time="0.0" classname="ODIN_REQUEST_PROCESSOR_APITEST.RequestProcessorTestMarius">
    <ignored/>
  </testcase> <!-- test34 -->
  <testcase name="test15" time="0.0" classname="ODIN_REQUEST_PROCESSOR_APITEST.RequestProcessorTestMarius">
    <ignored/>
  </testcase> <!-- test15 -->
  <testcase name="test37" time="0.0" classname="ODIN_REQUEST_PROCESSOR_APITEST.RequestProcessorTestMarius">
    <ignored/>
  </testcase> <!-- test37 -->
  <testcase name="test10" time="0.0" classname="ODIN_REQUEST_PROCESSOR_APITEST.RequestProcessorTestMarius">
    <ignored/>
  </testcase> <!-- test10 -->
  <testcase name="test32" time="0.0" classname="ODIN_REQUEST_PROCESSOR_APITEST.RequestProcessorTestMarius">
    <ignored/>
  </testcase> <!-- test32 -->
  <testcase name="test13" time="0.0" classname="ODIN_REQUEST_PROCESSOR_APITEST.RequestProcessorTestMarius">
    <ignored/>
  </testcase> <!-- test13 -->
  <testcase name="test35" time="0.0" classname="ODIN_REQUEST_PROCESSOR_APITEST.RequestProcessorTestMarius">
    <ignored/>
  </testcase> <!-- test35 -->
  <testcase name="test16" time="0.0" classname="ODIN_REQUEST_PROCESSOR_APITEST.RequestProcessorTestMarius">
    <ignored/>
  </testcase> <!-- test16 -->
  <testcase name="test38" time="0.0" classname="ODIN_REQUEST_PROCESSOR_APITEST.RequestProcessorTestMarius">
    <ignored/>
  </testcase> <!-- test38 -->
  <testcase name="test30" time="0.0" classname="ODIN_REQUEST_PROCESSOR_APITEST.RequestProcessorTestMarius">
    <ignored/>
  </testcase> <!-- test30 -->
</testsuite> <!-- GRP-BG_MCC -->
