<?xml version="1.0" encoding="UTF-8"?>
<!-- Generated by org.testng.reporters.JUnitXMLReporter -->
<testsuite hostname="ciprian-ThinkPad-T570-W10DG" ignored="23" name="Default test" tests="1" failures="0" timestamp="18 Nov 2019 17:37:40 GMT" time="3.973" errors="0">
  <testcase name="test24" time="3.148" classname="ODIN_REQUEST_PROCESSOR_APITEST.RequestProcessorTest"/>
  <testcase name="test6" time="0.0" classname="ODIN_REQUEST_PROCESSOR_APITEST.RequestProcessorTest">
    <ignored/>
  </testcase> <!-- test6 -->
  <testcase name="test9" time="0.0" classname="ODIN_REQUEST_PROCESSOR_APITEST.RequestProcessorTest">
    <ignored/>
  </testcase> <!-- test9 -->
  <testcase name="test4" time="0.0" classname="ODIN_REQUEST_PROCESSOR_APITEST.RequestProcessorTest">
    <ignored/>
  </testcase> <!-- test4 -->
  <testcase name="test7" time="0.0" classname="ODIN_REQUEST_PROCESSOR_APITEST.RequestProcessorTest">
    <ignored/>
  </testcase> <!-- test7 -->
  <testcase name="test2" time="0.0" classname="ODIN_REQUEST_PROCESSOR_APITEST.RequestProcessorTest">
    <ignored/>
  </testcase> <!-- test2 -->
  <testcase name="test5" time="0.0" classname="ODIN_REQUEST_PROCESSOR_APITEST.RequestProcessorTest">
    <ignored/>
  </testcase> <!-- test5 -->
  <testcase name="test3" time="0.0" classname="ODIN_REQUEST_PROCESSOR_APITEST.RequestProcessorTest">
    <ignored/>
  </testcase> <!-- test3 -->
  <testcase name="test15" time="0.0" classname="ODIN_REQUEST_PROCESSOR_APITEST.RequestProcessorTest">
    <ignored/>
  </testcase> <!-- test15 -->
  <testcase name="test12" time="0.0" classname="ODIN_REQUEST_PROCESSOR_APITEST.RequestProcessorTest">
    <ignored/>
  </testcase> <!-- test12 -->
  <testcase name="test23" time="0.0" classname="ODIN_REQUEST_PROCESSOR_APITEST.RequestProcessorTest">
    <ignored/>
  </testcase> <!-- test23 -->
  <testcase name="test20" time="0.0" classname="ODIN_REQUEST_PROCESSOR_APITEST.RequestProcessorTest">
    <ignored/>
  </testcase> <!-- test20 -->
  <testcase name="test10" time="0.0" classname="ODIN_REQUEST_PROCESSOR_APITEST.RequestProcessorTest">
    <ignored/>
  </testcase> <!-- test10 -->
  <testcase name="test21" time="0.0" classname="ODIN_REQUEST_PROCESSOR_APITEST.RequestProcessorTest">
    <ignored/>
  </testcase> <!-- test21 -->
  <testcase name="test16" time="0.0" classname="ODIN_REQUEST_PROCESSOR_APITEST.RequestProcessorTest">
    <ignored/>
  </testcase> <!-- test16 -->
  <testcase name="test13" time="0.0" classname="ODIN_REQUEST_PROCESSOR_APITEST.RequestProcessorTest">
    <ignored/>
  </testcase> <!-- test13 -->
  <testcase name="test14" time="0.0" classname="ODIN_REQUEST_PROCESSOR_APITEST.RequestProcessorTest">
    <ignored/>
  </testcase> <!-- test14 -->
  <testcase name="test11" time="0.0" classname="ODIN_REQUEST_PROCESSOR_APITEST.RequestProcessorTest">
    <ignored/>
  </testcase> <!-- test11 -->
  <testcase name="test22" time="0.0" classname="ODIN_REQUEST_PROCESSOR_APITEST.RequestProcessorTest">
    <ignored/>
  </testcase> <!-- test22 -->
  <testcase name="test1" time="0.0" classname="ODIN_REQUEST_PROCESSOR_APITEST.RequestProcessorTest">
    <ignored/>
  </testcase> <!-- test1 -->
  <testcase name="test17" time="0.0" classname="ODIN_REQUEST_PROCESSOR_APITEST.RequestProcessorTest">
    <ignored/>
  </testcase> <!-- test17 -->
  <testcase name="test18" time="0.0" classname="ODIN_REQUEST_PROCESSOR_APITEST.RequestProcessorTest">
    <ignored/>
  </testcase> <!-- test18 -->
  <testcase name="test8" time="0.0" classname="ODIN_REQUEST_PROCESSOR_APITEST.RequestProcessorTest">
    <ignored/>
  </testcase> <!-- test8 -->
  <testcase name="test19" time="0.0" classname="ODIN_REQUEST_PROCESSOR_APITEST.RequestProcessorTest">
    <ignored/>
  </testcase> <!-- test19 -->
</testsuite> <!-- Default test -->
