<?xml version="1.0" encoding="UTF-8"?>
<!-- Generated by org.testng.reporters.JUnitXMLReporter -->
<testsuite hostname="ciprian-ThinkPad-T570-W10DG" ignored="0" name="Default test" tests="7" failures="0" timestamp="29 Oct 2019 15:02:27 GMT" time="13.793" errors="0">
  <testcase name="test1" time="4.525" classname="ODIN_REQUEST_PROCESSOR_APITEST.RequestProcessor"/>
  <testcase name="test2" time="1.692" classname="ODIN_REQUEST_PROCESSOR_APITEST.RequestProcessor"/>
  <testcase name="test3" time="1.486" classname="ODIN_REQUEST_PROCESSOR_APITEST.RequestProcessor"/>
  <testcase name="test4" time="1.27" classname="ODIN_REQUEST_PROCESSOR_APITEST.RequestProcessor"/>
  <testcase name="test5" time="1.19" classname="ODIN_REQUEST_PROCESSOR_APITEST.RequestProcessor"/>
  <testcase name="test6" time="1.222" classname="ODIN_REQUEST_PROCESSOR_APITEST.RequestProcessor"/>
  <testcase name="test7" time="1.615" classname="ODIN_REQUEST_PROCESSOR_APITEST.RequestProcessor"/>
</testsuite> <!-- Default test -->
