<?xml version="1.0" encoding="UTF-8"?>
<testng-results skipped="0" failed="0" ignored="10" total="11" passed="1">
  <reporter-output>
  </reporter-output>
  <suite name="Default suite" duration-ms="14319" started-at="2019-11-06T12:57:16Z" finished-at="2019-11-06T12:57:30Z">
    <groups>
    </groups>
    <test name="Default test" duration-ms="14319" started-at="2019-11-06T12:57:16Z" finished-at="2019-11-06T12:57:30Z">
      <class name="ODIN_REQUEST_PROCESSOR_APITEST.RequestProcessorTest">
        <test-method status="PASS" signature="startTest()[pri:0, instance:ODIN_REQUEST_PROCESSOR_APITEST.RequestProcessorTest@2b9627bc]" name="startTest" is-config="true" duration-ms="662" started-at="2019-11-06T12:57:16Z" finished-at="2019-11-06T12:57:16Z">
          <reporter-output>
          </reporter-output>
        </test-method> <!-- startTest -->
        <test-method status="PASS" signature="test11()[pri:11, instance:ODIN_REQUEST_PROCESSOR_APITEST.RequestProcessorTest@2b9627bc]" name="test11" duration-ms="13589" started-at="2019-11-06T12:57:16Z" finished-at="2019-11-06T12:57:30Z">
          <reporter-output>
          </reporter-output>
        </test-method> <!-- test11 -->
        <test-method status="PASS" signature="endTest()[pri:0, instance:ODIN_REQUEST_PROCESSOR_APITEST.RequestProcessorTest@2b9627bc]" name="endTest" is-config="true" duration-ms="1" started-at="2019-11-06T12:57:30Z" finished-at="2019-11-06T12:57:30Z">
          <reporter-output>
          </reporter-output>
        </test-method> <!-- endTest -->
        <test-method status="PASS" signature="closeDB()[pri:0, instance:ODIN_REQUEST_PROCESSOR_APITEST.RequestProcessorTest@2b9627bc]" name="closeDB" is-config="true" duration-ms="37" started-at="2019-11-06T12:57:30Z" finished-at="2019-11-06T12:57:30Z">
          <reporter-output>
          </reporter-output>
        </test-method> <!-- closeDB -->
      </class> <!-- ODIN_REQUEST_PROCESSOR_APITEST.RequestProcessorTest -->
    </test> <!-- Default test -->
  </suite> <!-- Default suite -->
</testng-results>
