<?xml version="1.0" encoding="UTF-8"?>
<testng-results skipped="0" failed="0" ignored="35" total="38" passed="3">
  <reporter-output>
  </reporter-output>
  <suite name="ODIN_API_CALL by groups" duration-ms="11532" started-at="2020-03-17T18:49:39Z" finished-at="2020-03-17T18:49:50Z">
    <groups>
      <group name="BG_MCC">
        <method signature="RequestProcessorTestMarius.test1()[pri:1, instance:ODIN_REQUEST_PROCESSOR_APITEST.RequestProcessorTestMarius@cd2dae5]" name="test1" class="ODIN_REQUEST_PROCESSOR_APITEST.RequestProcessorTestMarius"/>
        <method signature="RequestProcessorTestMarius.test2()[pri:2, instance:ODIN_REQUEST_PROCESSOR_APITEST.RequestProcessorTestMarius@cd2dae5]" name="test2" class="ODIN_REQUEST_PROCESSOR_APITEST.RequestProcessorTestMarius"/>
        <method signature="RequestProcessorTestMarius.test3()[pri:3, instance:ODIN_REQUEST_PROCESSOR_APITEST.RequestProcessorTestMarius@cd2dae5]" name="test3" class="ODIN_REQUEST_PROCESSOR_APITEST.RequestProcessorTestMarius"/>
      </group> <!-- BG_MCC -->
    </groups>
    <test name="GRP-BG_MCC" duration-ms="11532" started-at="2020-03-17T18:49:39Z" finished-at="2020-03-17T18:49:50Z">
      <class name="ODIN_REQUEST_PROCESSOR_APITEST.RequestProcessorTestMarius">
        <test-method status="PASS" signature="startTest()[pri:0, instance:ODIN_REQUEST_PROCESSOR_APITEST.RequestProcessorTestMarius@cd2dae5]" name="startTest" is-config="true" duration-ms="2473" started-at="2020-03-17T18:49:39Z" finished-at="2020-03-17T18:49:41Z">
          <reporter-output>
          </reporter-output>
        </test-method> <!-- startTest -->
        <test-method status="PASS" signature="test1()[pri:1, instance:ODIN_REQUEST_PROCESSOR_APITEST.RequestProcessorTestMarius@cd2dae5]" name="test1" duration-ms="6487" started-at="2020-03-17T18:49:41Z" finished-at="2020-03-17T18:49:48Z">
          <reporter-output>
          </reporter-output>
        </test-method> <!-- test1 -->
        <test-method status="PASS" signature="endTest()[pri:0, instance:ODIN_REQUEST_PROCESSOR_APITEST.RequestProcessorTestMarius@cd2dae5]" name="endTest" is-config="true" duration-ms="1" started-at="2020-03-17T18:49:48Z" finished-at="2020-03-17T18:49:48Z">
          <reporter-output>
          </reporter-output>
        </test-method> <!-- endTest -->
        <test-method status="PASS" signature="test2()[pri:2, instance:ODIN_REQUEST_PROCESSOR_APITEST.RequestProcessorTestMarius@cd2dae5]" name="test2" duration-ms="1364" started-at="2020-03-17T18:49:48Z" finished-at="2020-03-17T18:49:49Z">
          <reporter-output>
          </reporter-output>
        </test-method> <!-- test2 -->
        <test-method status="PASS" signature="endTest()[pri:0, instance:ODIN_REQUEST_PROCESSOR_APITEST.RequestProcessorTestMarius@cd2dae5]" name="endTest" is-config="true" duration-ms="1" started-at="2020-03-17T18:49:49Z" finished-at="2020-03-17T18:49:49Z">
          <reporter-output>
          </reporter-output>
        </test-method> <!-- endTest -->
        <test-method status="PASS" signature="test3()[pri:3, instance:ODIN_REQUEST_PROCESSOR_APITEST.RequestProcessorTestMarius@cd2dae5]" name="test3" duration-ms="979" started-at="2020-03-17T18:49:49Z" finished-at="2020-03-17T18:49:50Z">
          <reporter-output>
          </reporter-output>
        </test-method> <!-- test3 -->
        <test-method status="PASS" signature="closeDB()[pri:0, instance:ODIN_REQUEST_PROCESSOR_APITEST.RequestProcessorTestMarius@cd2dae5]" name="closeDB" is-config="true" duration-ms="192" started-at="2020-03-17T18:49:50Z" finished-at="2020-03-17T18:49:50Z">
          <reporter-output>
          </reporter-output>
        </test-method> <!-- closeDB -->
        <test-method status="PASS" signature="endTest()[pri:0, instance:ODIN_REQUEST_PROCESSOR_APITEST.RequestProcessorTestMarius@cd2dae5]" name="endTest" is-config="true" duration-ms="0" started-at="2020-03-17T18:49:50Z" finished-at="2020-03-17T18:49:50Z">
          <reporter-output>
          </reporter-output>
        </test-method> <!-- endTest -->
      </class> <!-- ODIN_REQUEST_PROCESSOR_APITEST.RequestProcessorTestMarius -->
    </test> <!-- GRP-BG_MCC -->
  </suite> <!-- ODIN_API_CALL by groups -->
</testng-results>
