<?xml version="1.0" encoding="UTF-8"?>
<!-- Generated by org.testng.reporters.JUnitXMLReporter -->
<testsuite hostname="ciprian-ThinkPad-T570-W10DG" ignored="0" name="testngTest" tests="15" failures="0" timestamp="09 Sep 2019 08:31:30 GMT" time="22.276" errors="0">
  <testcase name="test1" time="3.294" classname="ODIN_VALIDATOR_APITEST.App1"/>
  <testcase name="test2" time="0.585" classname="ODIN_VALIDATOR_APITEST.App1"/>
  <testcase name="test3" time="1.353" classname="ODIN_VALIDATOR_APITEST.App1"/>
  <testcase name="test4" time="0.691" classname="ODIN_VALIDATOR_APITEST.App1"/>
  <testcase name="test5" time="3.207" classname="ODIN_VALIDATOR_APITEST.App1"/>
  <testcase name="test6" time="2.997" classname="ODIN_VALIDATOR_APITEST.App1"/>
  <testcase name="test7" time="0.659" classname="ODIN_VALIDATOR_APITEST.App1"/>
  <testcase name="test8" time="0.638" classname="ODIN_VALIDATOR_APITEST.App1"/>
  <testcase name="test9" time="0.686" classname="ODIN_VALIDATOR_APITEST.App1"/>
  <testcase name="test10" time="3.673" classname="ODIN_VALIDATOR_APITEST.App1"/>
  <testcase name="test11" time="1.045" classname="ODIN_VALIDATOR_APITEST.App1"/>
  <testcase name="test12" time="0.779" classname="ODIN_VALIDATOR_APITEST.App1"/>
  <testcase name="test13" time="0.857" classname="ODIN_VALIDATOR_APITEST.App1"/>
  <testcase name="test14" time="0.855" classname="ODIN_VALIDATOR_APITEST.App1"/>
  <testcase name="test15" time="0.882" classname="ODIN_VALIDATOR_APITEST.App1"/>
</testsuite> <!-- testngTest -->
