<?xml version="1.0" encoding="UTF-8"?>
<!-- Generated by org.testng.reporters.JUnitXMLReporter -->
<testsuite hostname="ciprian-ThinkPad-T570-W10DG" ignored="0" name="testngTest1" tests="7" failures="0" timestamp="29 Oct 2019 16:56:08 GMT" time="9.199" errors="0">
  <testcase name="test1" time="3.261" classname="ODIN_REQUEST_PROCESSOR_APITEST.RequestProcessorTest"/>
  <testcase name="test2" time="0.873" classname="ODIN_REQUEST_PROCESSOR_APITEST.RequestProcessorTest"/>
  <testcase name="test3" time="0.866" classname="ODIN_REQUEST_PROCESSOR_APITEST.RequestProcessorTest"/>
  <testcase name="test4" time="0.788" classname="ODIN_REQUEST_PROCESSOR_APITEST.RequestProcessorTest"/>
  <testcase name="test5" time="0.802" classname="ODIN_REQUEST_PROCESSOR_APITEST.RequestProcessorTest"/>
  <testcase name="test6" time="0.896" classname="ODIN_REQUEST_PROCESSOR_APITEST.RequestProcessorTest"/>
  <testcase name="test7" time="0.94" classname="ODIN_REQUEST_PROCESSOR_APITEST.RequestProcessorTest"/>
</testsuite> <!-- testngTest1 -->
