<?xml version="1.0" encoding="UTF-8"?>
<!-- Generated by org.testng.reporters.JUnitXMLReporter -->
<testsuite hostname="ciprian-ThinkPad-T570-W10DG" ignored="0" name="testngTest" tests="7" failures="0" timestamp="29 Oct 2019 15:40:05 GMT" time="10.57" errors="0">
  <testcase name="test1" time="3.377" classname="ODIN_REQUEST_PROCESSOR_APITEST.RequestProcessor"/>
  <testcase name="test2" time="0.998" classname="ODIN_REQUEST_PROCESSOR_APITEST.RequestProcessor"/>
  <testcase name="test3" time="1.051" classname="ODIN_REQUEST_PROCESSOR_APITEST.RequestProcessor"/>
  <testcase name="test4" time="1.181" classname="ODIN_REQUEST_PROCESSOR_APITEST.RequestProcessor"/>
  <testcase name="test5" time="1.183" classname="ODIN_REQUEST_PROCESSOR_APITEST.RequestProcessor"/>
  <testcase name="test6" time="0.955" classname="ODIN_REQUEST_PROCESSOR_APITEST.RequestProcessor"/>
  <testcase name="test7" time="1.091" classname="ODIN_REQUEST_PROCESSOR_APITEST.RequestProcessor"/>
</testsuite> <!-- testngTest -->
